# JRE version: OpenJDK Runtime Environment (17.0.2+8) (build 17.0.2+8-86)
# Java VM: OpenJDK 64-Bit Server VM (17.0.2+8-86, mixed mode, sharing, tiered, compressed oops, compressed class ptrs, g1 gc, windows-amd64)
GC Precious Log:
 CPUs: 4 total, 4 available
 Memory: 6024M
 Large Page Support: Disabled
 NUMA Support: Disabled
 Compressed Oops: Enabled (32-bit)
 Heap Region Size: 1M
 Heap Min Capacity: 8M
 Heap Initial Capacity: 96M
 Heap Max Capacity: 2G
 Pre-touch: Disabled
 Parallel Workers: 4
 Concurrent Workers: 1
 Concurrent Refinement Workers: 4
 Periodic GC: Disabled
Heap:
 garbage-first heap   total 98304K, used 39699K [0x0000000080000000, 0x0000000100000000)
  region size 1024K, 29 young (29696K), 8 survivors (8192K)
 Metaspace       used 16238K, committed 16512K, reserved 438272K
  class space    used 2345K, committed 2496K, reserved 421888K
GC Heap History (8 events):
Event: 1.558 GC heap before
{Heap before GC invocations=0 (full 0):
 garbage-first heap   total 98304K, used 13312K [0x0000000080000000, 0x0000000100000000)
  region size 1024K, 13 young (13312K), 0 survivors (0K)
 Metaspace       used 1020K, committed 1152K, reserved 430080K
  class space    used 82K, committed 128K, reserved 421888K
}
Event: 1.566 GC heap after
{Heap after GC invocations=1 (full 0):
 garbage-first heap   total 98304K, used 3448K [0x0000000080000000, 0x0000000100000000)
  region size 1024K, 2 young (2048K), 2 survivors (2048K)
 Metaspace       used 1020K, committed 1152K, reserved 430080K
  class space    used 82K, committed 128K, reserved 421888K
}
Event: 2.709 GC heap before
{Heap before GC invocations=1 (full 0):
 garbage-first heap   total 98304K, used 21880K [0x0000000080000000, 0x0000000100000000)
  region size 1024K, 17 young (17408K), 2 survivors (2048K)
 Metaspace       used 3851K, committed 4032K, reserved 430080K
  class space    used 486K, committed 576K, reserved 421888K
}
Event: 2.721 GC heap after
{Heap after GC invocations=2 (full 0):
 garbage-first heap   total 98304K, used 10833K [0x0000000080000000, 0x0000000100000000)
  region size 1024K, 3 young (3072K), 3 survivors (3072K)
 Metaspace       used 3851K, committed 4032K, reserved 430080K
  class space    used 486K, committed 576K, reserved 421888K
}
Event: 3.628 GC heap before
{Heap before GC invocations=2 (full 0):
 garbage-first heap   total 98304K, used 32337K [0x0000000080000000, 0x0000000100000000)
  region size 1024K, 24 young (24576K), 3 survivors (3072K)
 Metaspace       used 4010K, committed 4160K, reserved 430080K
  class space    used 491K, committed 576K, reserved 421888K
}
Event: 3.636 GC heap after
{Heap after GC invocations=3 (full 0):
 garbage-first heap   total 98304K, used 12116K [0x0000000080000000, 0x0000000100000000)
  region size 1024K, 2 young (2048K), 2 survivors (2048K)
 Metaspace       used 4010K, committed 4160K, reserved 430080K
  class space    used 491K, committed 576K, reserved 421888K
}
Event: 6.442 GC heap before
{Heap before GC invocations=3 (full 0):
 garbage-first heap   total 98304K, used 69460K [0x0000000080000000, 0x0000000100000000)
  region size 1024K, 57 young (58368K), 2 survivors (2048K)
 Metaspace       used 13350K, committed 13568K, reserved 438272K
  class space    used 1864K, committed 1984K, reserved 421888K
}
Event: 6.458 GC heap after
{Heap after GC invocations=4 (full 0):
 garbage-first heap   total 98304K, used 19219K [0x0000000080000000, 0x0000000100000000)
  region size 1024K, 8 young (8192K), 8 survivors (8192K)
 Metaspace       used 13350K, committed 13568K, reserved 438272K
  class space    used 1864K, committed 1984K, reserved 421888K
}

