# JRE version: OpenJDK Runtime Environment (17.0.2+8) (build 17.0.2+8-86)
# Java VM: OpenJDK 64-Bit Server VM (17.0.2+8-86, mixed mode, sharing, tiered, compressed oops, compressed class ptrs, g1 gc, windows-amd64)
GC Precious Log:
 CPUs: 4 total, 4 available
 Memory: 6024M
 Large Page Support: Disabled
 NUMA Support: Disabled
 Compressed Oops: Enabled (32-bit)
 Heap Region Size: 1M
 Heap Min Capacity: 8M
 Heap Initial Capacity: 96M
 Heap Max Capacity: 1508M
 Pre-touch: Disabled
 Parallel Workers: 4
 Concurrent Workers: 1
 Concurrent Refinement Workers: 4
 Periodic GC: Disabled
Heap:
 garbage-first heap   total 89088K, used 48268K [0x00000000a1c00000, 0x0000000100000000)
  region size 1024K, 1 young (1024K), 1 survivors (1024K)
 Metaspace       used 45115K, committed 45376K, reserved 1089536K
  class space    used 5433K, committed 5568K, reserved 1048576K
GC Heap History (20 events):
Event: 3.836 GC heap after
{Heap after GC invocations=5 (full 0):
 garbage-first heap   total 65536K, used 24190K [0x00000000a1c00000, 0x0000000100000000)
  region size 1024K, 5 young (5120K), 5 survivors (5120K)
 Metaspace       used 26262K, committed 26496K, reserved 1073152K
  class space    used 3554K, committed 3648K, reserved 1048576K
}
Event: 4.348 GC heap before
{Heap before GC invocations=5 (full 0):
 garbage-first heap   total 65536K, used 44670K [0x00000000a1c00000, 0x0000000100000000)
  region size 1024K, 26 young (26624K), 5 survivors (5120K)
 Metaspace       used 30091K, committed 30272K, reserved 1081344K
  class space    used 3935K, committed 4032K, reserved 1048576K
}
Event: 4.372 GC heap after
{Heap after GC invocations=6 (full 0):
 garbage-first heap   total 65536K, used 25782K [0x00000000a1c00000, 0x0000000100000000)
  region size 1024K, 4 young (4096K), 4 survivors (4096K)
 Metaspace       used 30091K, committed 30272K, reserved 1081344K
  class space    used 3935K, committed 4032K, reserved 1048576K
}
Event: 5.115 GC heap before
{Heap before GC invocations=6 (full 0):
 garbage-first heap   total 65536K, used 45238K [0x00000000a1c00000, 0x0000000100000000)
  region size 1024K, 24 young (24576K), 4 survivors (4096K)
 Metaspace       used 34849K, committed 35136K, reserved 1081344K
  class space    used 4380K, committed 4480K, reserved 1048576K
}
Event: 5.131 GC heap after
{Heap after GC invocations=7 (full 0):
 garbage-first heap   total 79872K, used 27827K [0x00000000a1c00000, 0x0000000100000000)
  region size 1024K, 2 young (2048K), 2 survivors (2048K)
 Metaspace       used 34849K, committed 35136K, reserved 1081344K
  class space    used 4380K, committed 4480K, reserved 1048576K
}
Event: 5.284 GC heap before
{Heap before GC invocations=7 (full 0):
 garbage-first heap   total 79872K, used 31923K [0x00000000a1c00000, 0x0000000100000000)
  region size 1024K, 7 young (7168K), 2 survivors (2048K)
 Metaspace       used 36122K, committed 36288K, reserved 1081344K
  class space    used 4528K, committed 4608K, reserved 1048576K
}
Event: 5.295 GC heap after
{Heap after GC invocations=8 (full 0):
 garbage-first heap   total 79872K, used 28041K [0x00000000a1c00000, 0x0000000100000000)
  region size 1024K, 3 young (3072K), 3 survivors (3072K)
 Metaspace       used 36122K, committed 36288K, reserved 1081344K
  class space    used 4528K, committed 4608K, reserved 1048576K
}
Event: 6.018 GC heap before
{Heap before GC invocations=9 (full 0):
 garbage-first heap   total 79872K, used 61833K [0x00000000a1c00000, 0x0000000100000000)
  region size 1024K, 33 young (33792K), 3 survivors (3072K)
 Metaspace       used 39071K, committed 39296K, reserved 1089536K
  class space    used 4874K, committed 4992K, reserved 1048576K
}
Event: 6.039 GC heap after
{Heap after GC invocations=10 (full 0):
 garbage-first heap   total 79872K, used 36026K [0x00000000a1c00000, 0x0000000100000000)
  region size 1024K, 5 young (5120K), 5 survivors (5120K)
 Metaspace       used 39071K, committed 39296K, reserved 1089536K
  class space    used 4874K, committed 4992K, reserved 1048576K
}
Event: 6.473 GC heap before
{Heap before GC invocations=11 (full 0):
 garbage-first heap   total 79872K, used 59578K [0x00000000a1c00000, 0x0000000100000000)
  region size 1024K, 28 young (28672K), 5 survivors (5120K)
 Metaspace       used 40710K, committed 40960K, reserved 1089536K
  class space    used 5060K, committed 5120K, reserved 1048576K
}
Event: 6.491 GC heap after
{Heap after GC invocations=12 (full 0):
 garbage-first heap   total 79872K, used 39377K [0x00000000a1c00000, 0x0000000100000000)
  region size 1024K, 3 young (3072K), 3 survivors (3072K)
 Metaspace       used 40710K, committed 40960K, reserved 1089536K
  class space    used 5060K, committed 5120K, reserved 1048576K
}
Event: 7.345 GC heap before
{Heap before GC invocations=12 (full 0):
 garbage-first heap   total 79872K, used 60881K [0x00000000a1c00000, 0x0000000100000000)
  region size 1024K, 24 young (24576K), 3 survivors (3072K)
 Metaspace       used 42046K, committed 42304K, reserved 1089536K
  class space    used 5130K, committed 5248K, reserved 1048576K
}
Event: 7.367 GC heap after
{Heap after GC invocations=13 (full 0):
 garbage-first heap   total 79872K, used 43059K [0x00000000a1c00000, 0x0000000100000000)
  region size 1024K, 3 young (3072K), 3 survivors (3072K)
 Metaspace       used 42046K, committed 42304K, reserved 1089536K
  class space    used 5130K, committed 5248K, reserved 1048576K
}
Event: 8.119 GC heap before
{Heap before GC invocations=14 (full 0):
 garbage-first heap   total 79872K, used 61491K [0x00000000a1c00000, 0x0000000100000000)
  region size 1024K, 21 young (21504K), 3 survivors (3072K)
 Metaspace       used 42379K, committed 42624K, reserved 1089536K
  class space    used 5131K, committed 5248K, reserved 1048576K
}
Event: 8.139 GC heap after
{Heap after GC invocations=15 (full 0):
 garbage-first heap   total 79872K, used 46660K [0x00000000a1c00000, 0x0000000100000000)
  region size 1024K, 3 young (3072K), 3 survivors (3072K)
 Metaspace       used 42379K, committed 42624K, reserved 1089536K
  class space    used 5131K, committed 5248K, reserved 1048576K
}
Event: 8.454 GC heap before
{Heap before GC invocations=15 (full 0):
 garbage-first heap   total 79872K, used 62020K [0x00000000a1c00000, 0x0000000100000000)
  region size 1024K, 18 young (18432K), 3 survivors (3072K)
 Metaspace       used 43694K, committed 43904K, reserved 1089536K
  class space    used 5257K, committed 5312K, reserved 1048576K
}
Event: 8.470 GC heap after
{Heap after GC invocations=16 (full 0):
 garbage-first heap   total 79872K, used 48339K [0x00000000a1c00000, 0x0000000100000000)
  region size 1024K, 2 young (2048K), 2 survivors (2048K)
 Metaspace       used 43694K, committed 43904K, reserved 1089536K
  class space    used 5257K, committed 5312K, reserved 1048576K
}
Event: 8.819 GC heap before
{Heap before GC invocations=17 (full 0):
 garbage-first heap   total 89088K, used 62675K [0x00000000a1c00000, 0x0000000100000000)
  region size 1024K, 16 young (16384K), 2 survivors (2048K)
 Metaspace       used 44911K, committed 45248K, reserved 1089536K
  class space    used 5403K, committed 5568K, reserved 1048576K
}
Event: 8.835 GC heap after
{Heap after GC invocations=18 (full 0):
 garbage-first heap   total 89088K, used 49866K [0x00000000a1c00000, 0x0000000100000000)
  region size 1024K, 2 young (2048K), 2 survivors (2048K)
 Metaspace       used 44911K, committed 45248K, reserved 1089536K
  class space    used 5403K, committed 5568K, reserved 1048576K
}
Event: 8.864 GC heap before
{Heap before GC invocations=18 (full 0):
 garbage-first heap   total 89088K, used 51914K [0x00000000a1c00000, 0x0000000100000000)
  region size 1024K, 4 young (4096K), 2 survivors (2048K)
 Metaspace       used 45115K, committed 45376K, reserved 1089536K
  class space    used 5433K, committed 5568K, reserved 1048576K
}

