# JRE version: OpenJDK Runtime Environment (17.0.2+8) (build 17.0.2+8-86)
# Java VM: OpenJDK 64-Bit Server VM (17.0.2+8-86, mixed mode, sharing, tiered, compressed oops, compressed class ptrs, g1 gc, windows-amd64)
GC Precious Log:
 CPUs: 4 total, 4 available
 Memory: 6024M
 Large Page Support: Disabled
 NUMA Support: Disabled
 Compressed Oops: Enabled (32-bit)
 Heap Region Size: 1M
 Heap Min Capacity: 8M
 Heap Initial Capacity: 96M
 Heap Max Capacity: 2G
 Pre-touch: Disabled
 Parallel Workers: 4
 Concurrent Workers: 1
 Concurrent Refinement Workers: 4
 Periodic GC: Disabled
Heap:
 garbage-first heap   total 232448K, used 138039K [0x0000000080000000, 0x0000000100000000)
  region size 1024K, 6 young (6144K), 6 survivors (6144K)
 Metaspace       used 97728K, committed 98624K, reserved 512000K
  class space    used 13692K, committed 14144K, reserved 421888K
GC Heap History (20 events):
Event: 36.301 GC heap after
{Heap after GC invocations=39 (full 0):
 garbage-first heap   total 148480K, used 88825K [0x0000000080000000, 0x0000000100000000)
  region size 1024K, 2 young (2048K), 2 survivors (2048K)
 Metaspace       used 72543K, committed 73280K, reserved 487424K
  class space    used 10150K, committed 10496K, reserved 421888K
}
Event: 36.864 GC heap before
{Heap before GC invocations=40 (full 0):
 garbage-first heap   total 160768K, used 112377K [0x0000000080000000, 0x0000000100000000)
  region size 1024K, 29 young (29696K), 2 survivors (2048K)
 Metaspace       used 74474K, committed 75200K, reserved 487424K
  class space    used 10394K, committed 10752K, reserved 421888K
}
Event: 36.872 GC heap after
{Heap after GC invocations=41 (full 0):
 garbage-first heap   total 160768K, used 85913K [0x0000000080000000, 0x0000000100000000)
  region size 1024K, 3 young (3072K), 3 survivors (3072K)
 Metaspace       used 74474K, committed 75200K, reserved 487424K
  class space    used 10394K, committed 10752K, reserved 421888K
}
Event: 36.958 GC heap before
{Heap before GC invocations=41 (full 0):
 garbage-first heap   total 160768K, used 88985K [0x0000000080000000, 0x0000000100000000)
  region size 1024K, 7 young (7168K), 3 survivors (3072K)
 Metaspace       used 74832K, committed 75584K, reserved 487424K
  class space    used 10456K, committed 10816K, reserved 421888K
}
Event: 36.970 GC heap after
{Heap after GC invocations=42 (full 0):
 garbage-first heap   total 227328K, used 85842K [0x0000000080000000, 0x0000000100000000)
  region size 1024K, 1 young (1024K), 1 survivors (1024K)
 Metaspace       used 74832K, committed 75584K, reserved 487424K
  class space    used 10456K, committed 10816K, reserved 421888K
}
Event: 44.452 GC heap before
{Heap before GC invocations=42 (full 0):
 garbage-first heap   total 227328K, used 165714K [0x0000000080000000, 0x0000000100000000)
  region size 1024K, 79 young (80896K), 1 survivors (1024K)
 Metaspace       used 77203K, committed 77888K, reserved 495616K
  class space    used 10770K, committed 11072K, reserved 421888K
}
Event: 44.465 GC heap after
{Heap after GC invocations=43 (full 0):
 garbage-first heap   total 227328K, used 90950K [0x0000000080000000, 0x0000000100000000)
  region size 1024K, 6 young (6144K), 6 survivors (6144K)
 Metaspace       used 77203K, committed 77888K, reserved 495616K
  class space    used 10770K, committed 11072K, reserved 421888K
}
Event: 46.015 GC heap before
{Heap before GC invocations=43 (full 0):
 garbage-first heap   total 227328K, used 175942K [0x0000000080000000, 0x0000000100000000)
  region size 1024K, 88 young (90112K), 6 survivors (6144K)
 Metaspace       used 82923K, committed 83712K, reserved 495616K
  class space    used 11735K, committed 12096K, reserved 421888K
}
Event: 46.033 GC heap after
{Heap after GC invocations=44 (full 0):
 garbage-first heap   total 227328K, used 93630K [0x0000000080000000, 0x0000000100000000)
  region size 1024K, 8 young (8192K), 8 survivors (8192K)
 Metaspace       used 82923K, committed 83712K, reserved 495616K
  class space    used 11735K, committed 12096K, reserved 421888K
}
Event: 47.802 GC heap before
{Heap before GC invocations=44 (full 0):
 garbage-first heap   total 227328K, used 179646K [0x0000000080000000, 0x0000000100000000)
  region size 1024K, 92 young (94208K), 8 survivors (8192K)
 Metaspace       used 86872K, committed 87616K, reserved 503808K
  class space    used 12310K, committed 12672K, reserved 421888K
}
Event: 47.841 GC heap after
{Heap after GC invocations=45 (full 0):
 garbage-first heap   total 227328K, used 101826K [0x0000000080000000, 0x0000000100000000)
  region size 1024K, 11 young (11264K), 11 survivors (11264K)
 Metaspace       used 86872K, committed 87616K, reserved 503808K
  class space    used 12310K, committed 12672K, reserved 421888K
}
Event: 50.250 GC heap before
{Heap before GC invocations=45 (full 0):
 garbage-first heap   total 227328K, used 185794K [0x0000000080000000, 0x0000000100000000)
  region size 1024K, 88 young (90112K), 11 survivors (11264K)
 Metaspace       used 89241K, committed 90112K, reserved 503808K
  class space    used 12576K, committed 12992K, reserved 421888K
}
Event: 50.289 GC heap after
{Heap after GC invocations=46 (full 0):
 garbage-first heap   total 227328K, used 122650K [0x0000000080000000, 0x0000000100000000)
  region size 1024K, 11 young (11264K), 11 survivors (11264K)
 Metaspace       used 89241K, committed 90112K, reserved 503808K
  class space    used 12576K, committed 12992K, reserved 421888K
}
Event: 51.551 GC heap before
{Heap before GC invocations=46 (full 0):
 garbage-first heap   total 227328K, used 181018K [0x0000000080000000, 0x0000000100000000)
  region size 1024K, 68 young (69632K), 11 survivors (11264K)
 Metaspace       used 92876K, committed 93824K, reserved 503808K
  class space    used 13113K, committed 13568K, reserved 421888K
}
Event: 51.579 GC heap after
{Heap after GC invocations=47 (full 0):
 garbage-first heap   total 227328K, used 128253K [0x0000000080000000, 0x0000000100000000)
  region size 1024K, 5 young (5120K), 5 survivors (5120K)
 Metaspace       used 92876K, committed 93824K, reserved 503808K
  class space    used 13113K, committed 13568K, reserved 421888K
}
Event: 53.461 GC heap before
{Heap before GC invocations=48 (full 0):
 garbage-first heap   total 232448K, used 183549K [0x0000000080000000, 0x0000000100000000)
  region size 1024K, 59 young (60416K), 5 survivors (5120K)
 Metaspace       used 96628K, committed 97600K, reserved 512000K
  class space    used 13575K, committed 14016K, reserved 421888K
}
Event: 53.490 GC heap after
{Heap after GC invocations=49 (full 0):
 garbage-first heap   total 232448K, used 132096K [0x0000000080000000, 0x0000000100000000)
  region size 1024K, 8 young (8192K), 8 survivors (8192K)
 Metaspace       used 96628K, committed 97600K, reserved 512000K
  class space    used 13575K, committed 14016K, reserved 421888K
}
Event: 53.557 GC heap before
{Heap before GC invocations=49 (full 0):
 garbage-first heap   total 232448K, used 135168K [0x0000000080000000, 0x0000000100000000)
  region size 1024K, 11 young (11264K), 8 survivors (8192K)
 Metaspace       used 96707K, committed 97664K, reserved 512000K
  class space    used 13584K, committed 14016K, reserved 421888K
}
Event: 53.578 GC heap after
{Heap after GC invocations=50 (full 0):
 garbage-first heap   total 232448K, used 133637K [0x0000000080000000, 0x0000000100000000)
  region size 1024K, 2 young (2048K), 2 survivors (2048K)
 Metaspace       used 96707K, committed 97664K, reserved 512000K
  class space    used 13584K, committed 14016K, reserved 421888K
}
Event: 54.656 GC heap before
{Heap before GC invocations=50 (full 0):
 garbage-first heap   total 232448K, used 189957K [0x0000000080000000, 0x0000000100000000)
  region size 1024K, 57 young (58368K), 2 survivors (2048K)
 Metaspace       used 97728K, committed 98624K, reserved 512000K
  class space    used 13692K, committed 14144K, reserved 421888K
}

