# JRE version: OpenJDK Runtime Environment (17.0.2+8) (build 17.0.2+8-86)
# Java VM: OpenJDK 64-Bit Server VM (17.0.2+8-86, mixed mode, sharing, tiered, compressed oops, compressed class ptrs, g1 gc, windows-amd64)
GC Precious Log:
 CPUs: 4 total, 4 available
 Memory: 6024M
 Large Page Support: Disabled
 NUMA Support: Disabled
 Compressed Oops: Enabled (32-bit)
 Heap Region Size: 1M
 Heap Min Capacity: 8M
 Heap Initial Capacity: 96M
 Heap Max Capacity: 2G
 Pre-touch: Disabled
 Parallel Workers: 4
 Concurrent Workers: 1
 Concurrent Refinement Workers: 4
 Periodic GC: Disabled
Heap:
 garbage-first heap   total 150528K, used 85962K [0x0000000080000000, 0x0000000100000000)
  region size 1024K, 1 young (1024K), 1 survivors (1024K)
 Metaspace       used 71645K, committed 72384K, reserved 487424K
  class space    used 10022K, committed 10368K, reserved 421888K
GC Heap History (20 events):
Event: 25.917 GC heap after
{Heap after GC invocations=19 (full 0):
 garbage-first heap   total 92160K, used 53022K [0x0000000080000000, 0x0000000100000000)
  region size 1024K, 2 young (2048K), 2 survivors (2048K)
 Metaspace       used 51594K, committed 52224K, reserved 471040K
  class space    used 7321K, committed 7616K, reserved 421888K
}
Event: 26.538 GC heap before
{Heap before GC invocations=20 (full 0):
 garbage-first heap   total 106496K, used 77598K [0x0000000080000000, 0x0000000100000000)
  region size 1024K, 23 young (23552K), 2 survivors (2048K)
 Metaspace       used 53023K, committed 53696K, reserved 471040K
  class space    used 7499K, committed 7808K, reserved 421888K
}
Event: 26.546 GC heap after
{Heap after GC invocations=21 (full 0):
 garbage-first heap   total 106496K, used 58017K [0x0000000080000000, 0x0000000100000000)
  region size 1024K, 3 young (3072K), 3 survivors (3072K)
 Metaspace       used 53023K, committed 53696K, reserved 471040K
  class space    used 7499K, committed 7808K, reserved 421888K
}
Event: 27.260 GC heap before
{Heap before GC invocations=21 (full 0):
 garbage-first heap   total 106496K, used 85665K [0x0000000080000000, 0x0000000100000000)
  region size 1024K, 30 young (30720K), 3 survivors (3072K)
 Metaspace       used 55354K, committed 56000K, reserved 471040K
  class space    used 7847K, committed 8192K, reserved 421888K
}
Event: 27.269 GC heap after
{Heap after GC invocations=22 (full 0):
 garbage-first heap   total 128000K, used 59244K [0x0000000080000000, 0x0000000100000000)
  region size 1024K, 4 young (4096K), 4 survivors (4096K)
 Metaspace       used 55354K, committed 56000K, reserved 471040K
  class space    used 7847K, committed 8192K, reserved 421888K
}
Event: 28.368 GC heap before
{Heap before GC invocations=23 (full 0):
 garbage-first heap   total 128000K, used 98156K [0x0000000080000000, 0x0000000100000000)
  region size 1024K, 43 young (44032K), 4 survivors (4096K)
 Metaspace       used 58973K, committed 59648K, reserved 479232K
  class space    used 8322K, committed 8640K, reserved 421888K
}
Event: 28.385 GC heap after
{Heap after GC invocations=24 (full 0):
 garbage-first heap   total 128000K, used 61358K [0x0000000080000000, 0x0000000100000000)
  region size 1024K, 5 young (5120K), 5 survivors (5120K)
 Metaspace       used 58973K, committed 59648K, reserved 479232K
  class space    used 8322K, committed 8640K, reserved 421888K
}
Event: 29.285 GC heap before
{Heap before GC invocations=24 (full 0):
 garbage-first heap   total 128000K, used 101294K [0x0000000080000000, 0x0000000100000000)
  region size 1024K, 44 young (45056K), 5 survivors (5120K)
 Metaspace       used 61559K, committed 62272K, reserved 479232K
  class space    used 8732K, committed 9088K, reserved 421888K
}
Event: 29.301 GC heap after
{Heap after GC invocations=25 (full 0):
 garbage-first heap   total 128000K, used 64160K [0x0000000080000000, 0x0000000100000000)
  region size 1024K, 5 young (5120K), 5 survivors (5120K)
 Metaspace       used 61559K, committed 62272K, reserved 479232K
  class space    used 8732K, committed 9088K, reserved 421888K
}
Event: 31.315 GC heap before
{Heap before GC invocations=26 (full 0):
 garbage-first heap   total 128000K, used 103072K [0x0000000080000000, 0x0000000100000000)
  region size 1024K, 43 young (44032K), 5 survivors (5120K)
 Metaspace       used 64129K, committed 64832K, reserved 479232K
  class space    used 9127K, committed 9472K, reserved 421888K
}
Event: 31.341 GC heap after
{Heap after GC invocations=27 (full 0):
 garbage-first heap   total 128000K, used 67624K [0x0000000080000000, 0x0000000100000000)
  region size 1024K, 6 young (6144K), 6 survivors (6144K)
 Metaspace       used 64129K, committed 64832K, reserved 479232K
  class space    used 9127K, committed 9472K, reserved 421888K
}
Event: 31.864 GC heap before
{Heap before GC invocations=27 (full 0):
 garbage-first heap   total 128000K, used 82984K [0x0000000080000000, 0x0000000100000000)
  region size 1024K, 23 young (23552K), 6 survivors (6144K)
 Metaspace       used 64676K, committed 65408K, reserved 479232K
  class space    used 9201K, committed 9536K, reserved 421888K
}
Event: 31.886 GC heap after
{Heap after GC invocations=28 (full 0):
 garbage-first heap   total 128000K, used 68913K [0x0000000080000000, 0x0000000100000000)
  region size 1024K, 2 young (2048K), 2 survivors (2048K)
 Metaspace       used 64676K, committed 65408K, reserved 479232K
  class space    used 9201K, committed 9536K, reserved 421888K
}
Event: 32.505 GC heap before
{Heap before GC invocations=29 (full 0):
 garbage-first heap   total 138240K, used 108849K [0x0000000080000000, 0x0000000100000000)
  region size 1024K, 36 young (36864K), 2 survivors (2048K)
 Metaspace       used 66615K, committed 67328K, reserved 487424K
  class space    used 9455K, committed 9792K, reserved 421888K
}
Event: 32.512 GC heap after
{Heap after GC invocations=30 (full 0):
 garbage-first heap   total 138240K, used 81000K [0x0000000080000000, 0x0000000100000000)
  region size 1024K, 5 young (5120K), 5 survivors (5120K)
 Metaspace       used 66615K, committed 67328K, reserved 487424K
  class space    used 9455K, committed 9792K, reserved 421888K
}
Event: 33.101 GC heap before
{Heap before GC invocations=30 (full 0):
 garbage-first heap   total 138240K, used 111720K [0x0000000080000000, 0x0000000100000000)
  region size 1024K, 35 young (35840K), 5 survivors (5120K)
 Metaspace       used 69147K, committed 69888K, reserved 487424K
  class space    used 9720K, committed 10048K, reserved 421888K
}
Event: 33.110 GC heap after
{Heap after GC invocations=31 (full 0):
 garbage-first heap   total 138240K, used 81339K [0x0000000080000000, 0x0000000100000000)
  region size 1024K, 1 young (1024K), 1 survivors (1024K)
 Metaspace       used 69147K, committed 69888K, reserved 487424K
  class space    used 9720K, committed 10048K, reserved 421888K
}
Event: 33.852 GC heap before
{Heap before GC invocations=32 (full 0):
 garbage-first heap   total 150528K, used 119227K [0x0000000080000000, 0x0000000100000000)
  region size 1024K, 32 young (32768K), 1 survivors (1024K)
 Metaspace       used 71449K, committed 72192K, reserved 487424K
  class space    used 9998K, committed 10368K, reserved 421888K
}
Event: 33.860 GC heap after
{Heap after GC invocations=33 (full 0):
 garbage-first heap   total 150528K, used 85200K [0x0000000080000000, 0x0000000100000000)
  region size 1024K, 4 young (4096K), 4 survivors (4096K)
 Metaspace       used 71449K, committed 72192K, reserved 487424K
  class space    used 9998K, committed 10368K, reserved 421888K
}
Event: 33.903 GC heap before
{Heap before GC invocations=33 (full 0):
 garbage-first heap   total 150528K, used 88272K [0x0000000080000000, 0x0000000100000000)
  region size 1024K, 7 young (7168K), 4 survivors (4096K)
 Metaspace       used 71645K, committed 72384K, reserved 487424K
  class space    used 10022K, committed 10368K, reserved 421888K
}

