# JRE version: OpenJDK Runtime Environment (17.0.2+8) (build 17.0.2+8-86)
# Java VM: OpenJDK 64-Bit Server VM (17.0.2+8-86, mixed mode, sharing, tiered, compressed oops, compressed class ptrs, g1 gc, windows-amd64)
GC Precious Log:
 CPUs: 4 total, 4 available
 Memory: 6024M
 Large Page Support: Disabled
 NUMA Support: Disabled
 Compressed Oops: Enabled (32-bit)
 Heap Region Size: 1M
 Heap Min Capacity: 8M
 Heap Initial Capacity: 96M
 Heap Max Capacity: 2G
 Pre-touch: Disabled
 Parallel Workers: 4
 Concurrent Workers: 1
 Concurrent Refinement Workers: 4
 Periodic GC: Disabled
Heap:
 garbage-first heap   total 403456K, used 202827K [0x0000000080000000, 0x0000000100000000)
  region size 1024K, 11 young (11264K), 11 survivors (11264K)
 Metaspace       used 142365K, committed 143744K, reserved 552960K
  class space    used 19656K, committed 20352K, reserved 421888K
GC Heap History (20 events):
Event: 490.878 GC heap after
{Heap after GC invocations=52 (full 0):
 garbage-first heap   total 293888K, used 188837K [0x0000000080000000, 0x0000000100000000)
  region size 1024K, 9 young (9216K), 9 survivors (9216K)
 Metaspace       used 117148K, committed 118400K, reserved 528384K
  class space    used 16038K, committed 16640K, reserved 421888K
}
Event: 492.135 GC heap before
{Heap before GC invocations=52 (full 0):
 garbage-first heap   total 293888K, used 255397K [0x0000000080000000, 0x0000000100000000)
  region size 1024K, 68 young (69632K), 9 survivors (9216K)
 Metaspace       used 121562K, committed 122752K, reserved 528384K
  class space    used 16565K, committed 17152K, reserved 421888K
}
Event: 492.158 GC heap after
{Heap after GC invocations=53 (full 0):
 garbage-first heap   total 293888K, used 192901K [0x0000000080000000, 0x0000000100000000)
  region size 1024K, 9 young (9216K), 9 survivors (9216K)
 Metaspace       used 121562K, committed 122752K, reserved 528384K
  class space    used 16565K, committed 17152K, reserved 421888K
}
Event: 493.412 GC heap before
{Heap before GC invocations=53 (full 0):
 garbage-first heap   total 293888K, used 251269K [0x0000000080000000, 0x0000000100000000)
  region size 1024K, 66 young (67584K), 9 survivors (9216K)
 Metaspace       used 125855K, committed 127040K, reserved 536576K
  class space    used 17151K, committed 17728K, reserved 421888K
}
Event: 493.449 GC heap after
{Heap after GC invocations=54 (full 0):
 garbage-first heap   total 293888K, used 196110K [0x0000000080000000, 0x0000000100000000)
  region size 1024K, 8 young (8192K), 8 survivors (8192K)
 Metaspace       used 125855K, committed 127040K, reserved 536576K
  class space    used 17151K, committed 17728K, reserved 421888K
}
Event: 861.400 GC heap before
{Heap before GC invocations=54 (full 0):
 garbage-first heap   total 293888K, used 250382K [0x0000000080000000, 0x0000000100000000)
  region size 1024K, 62 young (63488K), 8 survivors (8192K)
 Metaspace       used 126740K, committed 127936K, reserved 536576K
  class space    used 17265K, committed 17856K, reserved 421888K
}
Event: 861.443 GC heap after
{Heap after GC invocations=55 (full 0):
 garbage-first heap   total 293888K, used 199584K [0x0000000080000000, 0x0000000100000000)
  region size 1024K, 7 young (7168K), 7 survivors (7168K)
 Metaspace       used 126740K, committed 127936K, reserved 536576K
  class space    used 17265K, committed 17856K, reserved 421888K
}
Event: 867.792 GC heap before
{Heap before GC invocations=55 (full 0):
 garbage-first heap   total 293888K, used 251808K [0x0000000080000000, 0x0000000100000000)
  region size 1024K, 58 young (59392K), 7 survivors (7168K)
 Metaspace       used 127289K, committed 128512K, reserved 536576K
  class space    used 17315K, committed 17920K, reserved 421888K
}
Event: 867.823 GC heap after
{Heap after GC invocations=56 (full 0):
 garbage-first heap   total 293888K, used 204550K [0x0000000080000000, 0x0000000100000000)
  region size 1024K, 8 young (8192K), 8 survivors (8192K)
 Metaspace       used 127289K, committed 128512K, reserved 536576K
  class space    used 17315K, committed 17920K, reserved 421888K
}
Event: 868.683 GC heap before
{Heap before GC invocations=56 (full 0):
 garbage-first heap   total 293888K, used 251654K [0x0000000080000000, 0x0000000100000000)
  region size 1024K, 54 young (55296K), 8 survivors (8192K)
 Metaspace       used 131184K, committed 132416K, reserved 536576K
  class space    used 18013K, committed 18624K, reserved 421888K
}
Event: 868.717 GC heap after
{Heap after GC invocations=57 (full 0):
 garbage-first heap   total 293888K, used 206988K [0x0000000080000000, 0x0000000100000000)
  region size 1024K, 2 young (2048K), 2 survivors (2048K)
 Metaspace       used 131184K, committed 132416K, reserved 536576K
  class space    used 18013K, committed 18624K, reserved 421888K
}
Event: 869.506 GC heap before
{Heap before GC invocations=57 (full 0):
 garbage-first heap   total 293888K, used 253068K [0x0000000080000000, 0x0000000100000000)
  region size 1024K, 47 young (48128K), 2 survivors (2048K)
 Metaspace       used 134348K, committed 135552K, reserved 544768K
  class space    used 18470K, committed 19072K, reserved 421888K
}
Event: 869.523 GC heap after
{Heap after GC invocations=58 (full 0):
 garbage-first heap   total 293888K, used 209632K [0x0000000080000000, 0x0000000100000000)
  region size 1024K, 5 young (5120K), 5 survivors (5120K)
 Metaspace       used 134348K, committed 135552K, reserved 544768K
  class space    used 18470K, committed 19072K, reserved 421888K
}
Event: 869.757 GC heap before
{Heap before GC invocations=58 (full 0):
 garbage-first heap   total 293888K, used 221920K [0x0000000080000000, 0x0000000100000000)
  region size 1024K, 18 young (18432K), 5 survivors (5120K)
 Metaspace       used 134936K, committed 136128K, reserved 544768K
  class space    used 18595K, committed 19200K, reserved 421888K
}
Event: 869.777 GC heap after
{Heap after GC invocations=59 (full 0):
 garbage-first heap   total 293888K, used 211503K [0x0000000080000000, 0x0000000100000000)
  region size 1024K, 2 young (2048K), 2 survivors (2048K)
 Metaspace       used 134936K, committed 136128K, reserved 544768K
  class space    used 18595K, committed 19200K, reserved 421888K
}
Event: 872.316 GC heap before
{Heap before GC invocations=60 (full 0):
 garbage-first heap   total 403456K, used 243247K [0x0000000080000000, 0x0000000100000000)
  region size 1024K, 34 young (34816K), 2 survivors (2048K)
 Metaspace       used 135443K, committed 136768K, reserved 544768K
  class space    used 18691K, committed 19328K, reserved 421888K
}
Event: 872.337 GC heap after
{Heap after GC invocations=61 (full 0):
 garbage-first heap   total 403456K, used 215751K [0x0000000080000000, 0x0000000100000000)
  region size 1024K, 5 young (5120K), 5 survivors (5120K)
 Metaspace       used 135443K, committed 136768K, reserved 544768K
  class space    used 18691K, committed 19328K, reserved 421888K
}
Event: 872.973 GC heap before
{Heap before GC invocations=61 (full 0):
 garbage-first heap   total 403456K, used 229063K [0x0000000080000000, 0x0000000100000000)
  region size 1024K, 19 young (19456K), 5 survivors (5120K)
 Metaspace       used 135516K, committed 136896K, reserved 544768K
  class space    used 18708K, committed 19392K, reserved 421888K
}
Event: 873.024 GC heap after
{Heap after GC invocations=62 (full 0):
 garbage-first heap   total 403456K, used 193976K [0x0000000080000000, 0x0000000100000000)
  region size 1024K, 3 young (3072K), 3 survivors (3072K)
 Metaspace       used 135516K, committed 136896K, reserved 544768K
  class space    used 18708K, committed 19392K, reserved 421888K
}
Event: 875.520 GC heap before
{Heap before GC invocations=62 (full 0):
 garbage-first heap   total 403456K, used 312760K [0x0000000080000000, 0x0000000100000000)
  region size 1024K, 119 young (121856K), 3 survivors (3072K)
 Metaspace       used 142365K, committed 143744K, reserved 552960K
  class space    used 19656K, committed 20352K, reserved 421888K
}

