# JRE version: OpenJDK Runtime Environment (17.0.2+8) (build 17.0.2+8-86)
# Java VM: OpenJDK 64-Bit Server VM (17.0.2+8-86, mixed mode, sharing, tiered, compressed oops, compressed class ptrs, g1 gc, windows-amd64)
GC Precious Log:
 CPUs: 4 total, 4 available
 Memory: 6024M
 Large Page Support: Disabled
 NUMA Support: Disabled
 Compressed Oops: Enabled (32-bit)
 Heap Region Size: 1M
 Heap Min Capacity: 8M
 Heap Initial Capacity: 96M
 Heap Max Capacity: 2G
 Pre-touch: Disabled
 Parallel Workers: 4
 Concurrent Workers: 1
 Concurrent Refinement Workers: 4
 Periodic GC: Disabled
Heap:
 garbage-first heap   total 152576K, used 88205K [0x0000000080000000, 0x0000000100000000)
  region size 1024K, 2 young (2048K), 2 survivors (2048K)
 Metaspace       used 70581K, committed 71296K, reserved 487424K
  class space    used 9881K, committed 10240K, reserved 421888K
GC Heap History (20 events):
Event: 22.464 GC heap after
{Heap after GC invocations=21 (full 0):
 garbage-first heap   total 106496K, used 59339K [0x0000000080000000, 0x0000000100000000)
  region size 1024K, 4 young (4096K), 4 survivors (4096K)
 Metaspace       used 57085K, committed 57792K, reserved 479232K
  class space    used 8082K, committed 8448K, reserved 421888K
}
Event: 23.293 GC heap before
{Heap before GC invocations=22 (full 0):
 garbage-first heap   total 111616K, used 88011K [0x0000000080000000, 0x0000000100000000)
  region size 1024K, 33 young (33792K), 4 survivors (4096K)
 Metaspace       used 59366K, committed 60032K, reserved 479232K
  class space    used 8399K, committed 8704K, reserved 421888K
}
Event: 23.306 GC heap after
{Heap after GC invocations=23 (full 0):
 garbage-first heap   total 111616K, used 61322K [0x0000000080000000, 0x0000000100000000)
  region size 1024K, 5 young (5120K), 5 survivors (5120K)
 Metaspace       used 59366K, committed 60032K, reserved 479232K
  class space    used 8399K, committed 8704K, reserved 421888K
}
Event: 23.927 GC heap before
{Heap before GC invocations=23 (full 0):
 garbage-first heap   total 111616K, used 93066K [0x0000000080000000, 0x0000000100000000)
  region size 1024K, 36 young (36864K), 5 survivors (5120K)
 Metaspace       used 61248K, committed 61952K, reserved 479232K
  class space    used 8684K, committed 9024K, reserved 421888K
}
Event: 23.946 GC heap after
{Heap after GC invocations=24 (full 0):
 garbage-first heap   total 137216K, used 63188K [0x0000000080000000, 0x0000000100000000)
  region size 1024K, 4 young (4096K), 4 survivors (4096K)
 Metaspace       used 61248K, committed 61952K, reserved 479232K
  class space    used 8684K, committed 9024K, reserved 421888K
}
Event: 26.114 GC heap before
{Heap before GC invocations=25 (full 0):
 garbage-first heap   total 137216K, used 110292K [0x0000000080000000, 0x0000000100000000)
  region size 1024K, 51 young (52224K), 4 survivors (4096K)
 Metaspace       used 64518K, committed 65216K, reserved 479232K
  class space    used 9193K, committed 9536K, reserved 421888K
}
Event: 26.137 GC heap after
{Heap after GC invocations=26 (full 0):
 garbage-first heap   total 137216K, used 68213K [0x0000000080000000, 0x0000000100000000)
  region size 1024K, 7 young (7168K), 7 survivors (7168K)
 Metaspace       used 64518K, committed 65216K, reserved 479232K
  class space    used 9193K, committed 9536K, reserved 421888K
}
Event: 26.459 GC heap before
{Heap before GC invocations=26 (full 0):
 garbage-first heap   total 137216K, used 79477K [0x0000000080000000, 0x0000000100000000)
  region size 1024K, 20 young (20480K), 7 survivors (7168K)
 Metaspace       used 64697K, committed 65408K, reserved 479232K
  class space    used 9207K, committed 9536K, reserved 421888K
}
Event: 26.481 GC heap after
{Heap after GC invocations=27 (full 0):
 garbage-first heap   total 137216K, used 69065K [0x0000000080000000, 0x0000000100000000)
  region size 1024K, 2 young (2048K), 2 survivors (2048K)
 Metaspace       used 64697K, committed 65408K, reserved 479232K
  class space    used 9207K, committed 9536K, reserved 421888K
}
Event: 26.786 GC heap before
{Heap before GC invocations=28 (full 0):
 garbage-first heap   total 137216K, used 77257K [0x0000000080000000, 0x0000000100000000)
  region size 1024K, 8 young (8192K), 2 survivors (2048K)
 Metaspace       used 64709K, committed 65408K, reserved 479232K
  class space    used 9207K, committed 9536K, reserved 421888K
}
Event: 26.790 GC heap after
{Heap after GC invocations=29 (full 0):
 garbage-first heap   total 137216K, used 75876K [0x0000000080000000, 0x0000000100000000)
  region size 1024K, 5 young (5120K), 5 survivors (5120K)
 Metaspace       used 64709K, committed 65408K, reserved 479232K
  class space    used 9207K, committed 9536K, reserved 421888K
}
Event: 27.356 GC heap before
{Heap before GC invocations=30 (full 0):
 garbage-first heap   total 140288K, used 99428K [0x0000000080000000, 0x0000000100000000)
  region size 1024K, 27 young (27648K), 5 survivors (5120K)
 Metaspace       used 66108K, committed 66816K, reserved 487424K
  class space    used 9385K, committed 9728K, reserved 421888K
}
Event: 27.362 GC heap after
{Heap after GC invocations=31 (full 0):
 garbage-first heap   total 140288K, used 79617K [0x0000000080000000, 0x0000000100000000)
  region size 1024K, 3 young (3072K), 3 survivors (3072K)
 Metaspace       used 66108K, committed 66816K, reserved 487424K
  class space    used 9385K, committed 9728K, reserved 421888K
}
Event: 27.771 GC heap before
{Heap before GC invocations=31 (full 0):
 garbage-first heap   total 140288K, used 102145K [0x0000000080000000, 0x0000000100000000)
  region size 1024K, 26 young (26624K), 3 survivors (3072K)
 Metaspace       used 68190K, committed 68864K, reserved 487424K
  class space    used 9600K, committed 9920K, reserved 421888K
}
Event: 27.777 GC heap after
{Heap after GC invocations=32 (full 0):
 garbage-first heap   total 140288K, used 80147K [0x0000000080000000, 0x0000000100000000)
  region size 1024K, 1 young (1024K), 1 survivors (1024K)
 Metaspace       used 68190K, committed 68864K, reserved 487424K
  class space    used 9600K, committed 9920K, reserved 421888K
}
Event: 28.541 GC heap before
{Heap before GC invocations=33 (full 0):
 garbage-first heap   total 152576K, used 108819K [0x0000000080000000, 0x0000000100000000)
  region size 1024K, 26 young (26624K), 1 survivors (1024K)
 Metaspace       used 70571K, committed 71296K, reserved 487424K
  class space    used 9881K, committed 10240K, reserved 421888K
}
Event: 28.552 GC heap after
{Heap after GC invocations=34 (full 0):
 garbage-first heap   total 152576K, used 86545K [0x0000000080000000, 0x0000000100000000)
  region size 1024K, 4 young (4096K), 4 survivors (4096K)
 Metaspace       used 70571K, committed 71296K, reserved 487424K
  class space    used 9881K, committed 10240K, reserved 421888K
}
Event: 28.573 GC heap before
{Heap before GC invocations=34 (full 0):
 garbage-first heap   total 152576K, used 89617K [0x0000000080000000, 0x0000000100000000)
  region size 1024K, 7 young (7168K), 4 survivors (4096K)
 Metaspace       used 70572K, committed 71296K, reserved 487424K
  class space    used 9881K, committed 10240K, reserved 421888K
}
Event: 28.584 GC heap after
{Heap after GC invocations=35 (full 0):
 garbage-first heap   total 152576K, used 87754K [0x0000000080000000, 0x0000000100000000)
  region size 1024K, 1 young (1024K), 1 survivors (1024K)
 Metaspace       used 70572K, committed 71296K, reserved 487424K
  class space    used 9881K, committed 10240K, reserved 421888K
}
Event: 28.644 GC heap before
{Heap before GC invocations=35 (full 0):
 garbage-first heap   total 152576K, used 88778K [0x0000000080000000, 0x0000000100000000)
  region size 1024K, 3 young (3072K), 1 survivors (1024K)
 Metaspace       used 70581K, committed 71296K, reserved 487424K
  class space    used 9881K, committed 10240K, reserved 421888K
}

