# JRE version: OpenJDK Runtime Environment (17.0.2+8) (build 17.0.2+8-86)
# Java VM: OpenJDK 64-Bit Server VM (17.0.2+8-86, mixed mode, sharing, tiered, compressed oops, compressed class ptrs, g1 gc, windows-amd64)
GC Precious Log:
 CPUs: 4 total, 4 available
 Memory: 6024M
 Large Page Support: Disabled
 NUMA Support: Disabled
 Compressed Oops: Enabled (32-bit)
 Heap Region Size: 1M
 Heap Min Capacity: 8M
 Heap Initial Capacity: 96M
 Heap Max Capacity: 2G
 Pre-touch: Disabled
 Parallel Workers: 4
 Concurrent Workers: 1
 Concurrent Refinement Workers: 4
 Periodic GC: Disabled
Heap:
 garbage-first heap   total 156672K, used 89773K [0x0000000080000000, 0x0000000100000000)
  region size 1024K, 4 young (4096K), 4 survivors (4096K)
 Metaspace       used 78856K, committed 79552K, reserved 495616K
  class space    used 10887K, committed 11200K, reserved 421888K
GC Heap History (20 events):
Event: 29.193 GC heap after
{Heap after GC invocations=19 (full 0):
 garbage-first heap   total 103424K, used 59604K [0x0000000080000000, 0x0000000100000000)
  region size 1024K, 2 young (2048K), 2 survivors (2048K)
 Metaspace       used 59934K, committed 60544K, reserved 479232K
  class space    used 8345K, committed 8640K, reserved 421888K
}
Event: 29.864 GC heap before
{Heap before GC invocations=20 (full 0):
 garbage-first heap   total 119808K, used 85204K [0x0000000080000000, 0x0000000100000000)
  region size 1024K, 24 young (24576K), 2 survivors (2048K)
 Metaspace       used 61460K, committed 62144K, reserved 479232K
  class space    used 8537K, committed 8832K, reserved 421888K
}
Event: 29.876 GC heap after
{Heap after GC invocations=21 (full 0):
 garbage-first heap   total 119808K, used 64433K [0x0000000080000000, 0x0000000100000000)
  region size 1024K, 2 young (2048K), 2 survivors (2048K)
 Metaspace       used 61460K, committed 62144K, reserved 479232K
  class space    used 8537K, committed 8832K, reserved 421888K
}
Event: 29.956 GC heap before
{Heap before GC invocations=21 (full 0):
 garbage-first heap   total 119808K, used 67505K [0x0000000080000000, 0x0000000100000000)
  region size 1024K, 5 young (5120K), 2 survivors (2048K)
 Metaspace       used 61726K, committed 62400K, reserved 479232K
  class space    used 8579K, committed 8896K, reserved 421888K
}
Event: 29.962 GC heap after
{Heap after GC invocations=22 (full 0):
 garbage-first heap   total 119808K, used 64266K [0x0000000080000000, 0x0000000100000000)
  region size 1024K, 1 young (1024K), 1 survivors (1024K)
 Metaspace       used 61726K, committed 62400K, reserved 479232K
  class space    used 8579K, committed 8896K, reserved 421888K
}
Event: 30.623 GC heap before
{Heap before GC invocations=22 (full 0):
 garbage-first heap   total 119808K, used 94986K [0x0000000080000000, 0x0000000100000000)
  region size 1024K, 31 young (31744K), 1 survivors (1024K)
 Metaspace       used 64721K, committed 65408K, reserved 479232K
  class space    used 8998K, committed 9280K, reserved 421888K
}
Event: 30.629 GC heap after
{Heap after GC invocations=23 (full 0):
 garbage-first heap   total 156672K, used 65248K [0x0000000080000000, 0x0000000100000000)
  region size 1024K, 2 young (2048K), 2 survivors (2048K)
 Metaspace       used 64721K, committed 65408K, reserved 479232K
  class space    used 8998K, committed 9280K, reserved 421888K
}
Event: 31.837 GC heap before
{Heap before GC invocations=24 (full 0):
 garbage-first heap   total 156672K, used 115424K [0x0000000080000000, 0x0000000100000000)
  region size 1024K, 51 young (52224K), 2 survivors (2048K)
 Metaspace       used 68241K, committed 68864K, reserved 487424K
  class space    used 9486K, committed 9792K, reserved 421888K
}
Event: 31.852 GC heap after
{Heap after GC invocations=25 (full 0):
 garbage-first heap   total 156672K, used 68860K [0x0000000080000000, 0x0000000100000000)
  region size 1024K, 5 young (5120K), 5 survivors (5120K)
 Metaspace       used 68241K, committed 68864K, reserved 487424K
  class space    used 9486K, committed 9792K, reserved 421888K
}
Event: 31.890 GC heap before
{Heap before GC invocations=25 (full 0):
 garbage-first heap   total 156672K, used 69884K [0x0000000080000000, 0x0000000100000000)
  region size 1024K, 7 young (7168K), 5 survivors (5120K)
 Metaspace       used 68382K, committed 68992K, reserved 487424K
  class space    used 9507K, committed 9792K, reserved 421888K
}
Event: 31.908 GC heap after
{Heap after GC invocations=26 (full 0):
 garbage-first heap   total 156672K, used 68554K [0x0000000080000000, 0x0000000100000000)
  region size 1024K, 1 young (1024K), 1 survivors (1024K)
 Metaspace       used 68382K, committed 68992K, reserved 487424K
  class space    used 9507K, committed 9792K, reserved 421888K
}
Event: 34.081 GC heap before
{Heap before GC invocations=26 (full 0):
 garbage-first heap   total 156672K, used 117706K [0x0000000080000000, 0x0000000100000000)
  region size 1024K, 50 young (51200K), 1 survivors (1024K)
 Metaspace       used 71761K, committed 72448K, reserved 487424K
  class space    used 10024K, committed 10304K, reserved 421888K
}
Event: 34.095 GC heap after
{Heap after GC invocations=27 (full 0):
 garbage-first heap   total 156672K, used 72483K [0x0000000080000000, 0x0000000100000000)
  region size 1024K, 5 young (5120K), 5 survivors (5120K)
 Metaspace       used 71761K, committed 72448K, reserved 487424K
  class space    used 10024K, committed 10304K, reserved 421888K
}
Event: 34.960 GC heap before
{Heap before GC invocations=27 (full 0):
 garbage-first heap   total 156672K, used 97059K [0x0000000080000000, 0x0000000100000000)
  region size 1024K, 29 young (29696K), 5 survivors (5120K)
 Metaspace       used 72805K, committed 73472K, reserved 487424K
  class space    used 10185K, committed 10496K, reserved 421888K
}
Event: 34.976 GC heap after
{Heap after GC invocations=28 (full 0):
 garbage-first heap   total 156672K, used 77203K [0x0000000080000000, 0x0000000100000000)
  region size 1024K, 3 young (3072K), 3 survivors (3072K)
 Metaspace       used 72805K, committed 73472K, reserved 487424K
  class space    used 10185K, committed 10496K, reserved 421888K
}
Event: 36.137 GC heap before
{Heap before GC invocations=29 (full 0):
 garbage-first heap   total 156672K, used 125331K [0x0000000080000000, 0x0000000100000000)
  region size 1024K, 48 young (49152K), 3 survivors (3072K)
 Metaspace       used 75876K, committed 76544K, reserved 495616K
  class space    used 10525K, committed 10816K, reserved 421888K
}
Event: 36.153 GC heap after
{Heap after GC invocations=30 (full 0):
 garbage-first heap   total 156672K, used 86127K [0x0000000080000000, 0x0000000100000000)
  region size 1024K, 6 young (6144K), 6 survivors (6144K)
 Metaspace       used 75876K, committed 76544K, reserved 495616K
  class space    used 10525K, committed 10816K, reserved 421888K
}
Event: 36.170 GC heap before
{Heap before GC invocations=30 (full 0):
 garbage-first heap   total 156672K, used 87151K [0x0000000080000000, 0x0000000100000000)
  region size 1024K, 7 young (7168K), 6 survivors (6144K)
 Metaspace       used 75981K, committed 76672K, reserved 495616K
  class space    used 10535K, committed 10816K, reserved 421888K
}
Event: 36.179 GC heap after
{Heap after GC invocations=31 (full 0):
 garbage-first heap   total 156672K, used 85961K [0x0000000080000000, 0x0000000100000000)
  region size 1024K, 1 young (1024K), 1 survivors (1024K)
 Metaspace       used 75981K, committed 76672K, reserved 495616K
  class space    used 10535K, committed 10816K, reserved 421888K
}
Event: 37.172 GC heap before
{Heap before GC invocations=31 (full 0):
 garbage-first heap   total 156672K, used 132041K [0x0000000080000000, 0x0000000100000000)
  region size 1024K, 40 young (40960K), 1 survivors (1024K)
 Metaspace       used 78856K, committed 79552K, reserved 495616K
  class space    used 10887K, committed 11200K, reserved 421888K
}

