# JRE version: OpenJDK Runtime Environment (17.0.2+8) (build 17.0.2+8-86)
# Java VM: OpenJDK 64-Bit Server VM (17.0.2+8-86, mixed mode, sharing, tiered, compressed oops, compressed class ptrs, g1 gc, windows-amd64)
GC Precious Log:
 CPUs: 4 total, 4 available
 Memory: 6024M
 Large Page Support: Disabled
 NUMA Support: Disabled
 Compressed Oops: Enabled (32-bit)
 Heap Region Size: 1M
 Heap Min Capacity: 8M
 Heap Initial Capacity: 96M
 Heap Max Capacity: 2G
 Pre-touch: Disabled
 Parallel Workers: 4
 Concurrent Workers: 1
 Concurrent Refinement Workers: 4
 Periodic GC: Disabled
Heap:
 garbage-first heap   total 277504K, used 143273K [0x0000000080000000, 0x0000000100000000)
  region size 1024K, 59 young (60416K), 3 survivors (3072K)
 Metaspace       used 76988K, committed 77760K, reserved 495616K
  class space    used 10723K, committed 11072K, reserved 421888K
GC Heap History (20 events):
Event: 28.912 GC heap before
{Heap before GC invocations=23 (full 0):
 garbage-first heap   total 104448K, used 84460K [0x0000000080000000, 0x0000000100000000)
  region size 1024K, 29 young (29696K), 3 survivors (3072K)
 Metaspace       used 55975K, committed 56640K, reserved 471040K
  class space    used 7926K, committed 8256K, reserved 421888K
}
Event: 28.920 GC heap after
{Heap after GC invocations=24 (full 0):
 garbage-first heap   total 104448K, used 58917K [0x0000000080000000, 0x0000000100000000)
  region size 1024K, 3 young (3072K), 3 survivors (3072K)
 Metaspace       used 55975K, committed 56640K, reserved 471040K
  class space    used 7926K, committed 8256K, reserved 421888K
}
Event: 29.649 GC heap before
{Heap before GC invocations=25 (full 0):
 garbage-first heap   total 111616K, used 85541K [0x0000000080000000, 0x0000000100000000)
  region size 1024K, 29 young (29696K), 3 survivors (3072K)
 Metaspace       used 58392K, committed 59072K, reserved 479232K
  class space    used 8223K, committed 8576K, reserved 421888K
}
Event: 29.660 GC heap after
{Heap after GC invocations=26 (full 0):
 garbage-first heap   total 111616K, used 60604K [0x0000000080000000, 0x0000000100000000)
  region size 1024K, 3 young (3072K), 3 survivors (3072K)
 Metaspace       used 58392K, committed 59072K, reserved 479232K
  class space    used 8223K, committed 8576K, reserved 421888K
}
Event: 30.458 GC heap before
{Heap before GC invocations=26 (full 0):
 garbage-first heap   total 111616K, used 91324K [0x0000000080000000, 0x0000000100000000)
  region size 1024K, 33 young (33792K), 3 survivors (3072K)
 Metaspace       used 60267K, committed 60928K, reserved 479232K
  class space    used 8520K, committed 8832K, reserved 421888K
}
Event: 30.472 GC heap after
{Heap after GC invocations=27 (full 0):
 garbage-first heap   total 134144K, used 62863K [0x0000000080000000, 0x0000000100000000)
  region size 1024K, 4 young (4096K), 4 survivors (4096K)
 Metaspace       used 60267K, committed 60928K, reserved 479232K
  class space    used 8520K, committed 8832K, reserved 421888K
}
Event: 32.480 GC heap before
{Heap before GC invocations=28 (full 0):
 garbage-first heap   total 134144K, used 107919K [0x0000000080000000, 0x0000000100000000)
  region size 1024K, 48 young (49152K), 4 survivors (4096K)
 Metaspace       used 63264K, committed 63936K, reserved 479232K
  class space    used 8965K, committed 9280K, reserved 421888K
}
Event: 32.504 GC heap after
{Heap after GC invocations=29 (full 0):
 garbage-first heap   total 134144K, used 66516K [0x0000000080000000, 0x0000000100000000)
  region size 1024K, 6 young (6144K), 6 survivors (6144K)
 Metaspace       used 63264K, committed 63936K, reserved 479232K
  class space    used 8965K, committed 9280K, reserved 421888K
}
Event: 33.436 GC heap before
{Heap before GC invocations=29 (full 0):
 garbage-first heap   total 134144K, used 95188K [0x0000000080000000, 0x0000000100000000)
  region size 1024K, 35 young (35840K), 6 survivors (6144K)
 Metaspace       used 64716K, committed 65408K, reserved 479232K
  class space    used 9201K, committed 9536K, reserved 421888K
}
Event: 33.455 GC heap after
{Heap after GC invocations=30 (full 0):
 garbage-first heap   total 134144K, used 68621K [0x0000000080000000, 0x0000000100000000)
  region size 1024K, 3 young (3072K), 3 survivors (3072K)
 Metaspace       used 64716K, committed 65408K, reserved 479232K
  class space    used 9201K, committed 9536K, reserved 421888K
}
Event: 34.089 GC heap before
{Heap before GC invocations=31 (full 0):
 garbage-first heap   total 140288K, used 112653K [0x0000000080000000, 0x0000000100000000)
  region size 1024K, 42 young (43008K), 3 survivors (3072K)
 Metaspace       used 67037K, committed 67776K, reserved 487424K
  class space    used 9488K, committed 9856K, reserved 421888K
}
Event: 34.100 GC heap after
{Heap after GC invocations=32 (full 0):
 garbage-first heap   total 140288K, used 80503K [0x0000000080000000, 0x0000000100000000)
  region size 1024K, 6 young (6144K), 6 survivors (6144K)
 Metaspace       used 67037K, committed 67776K, reserved 487424K
  class space    used 9488K, committed 9856K, reserved 421888K
}
Event: 34.842 GC heap before
{Heap before GC invocations=32 (full 0):
 garbage-first heap   total 140288K, used 113271K [0x0000000080000000, 0x0000000100000000)
  region size 1024K, 39 young (39936K), 6 survivors (6144K)
 Metaspace       used 70615K, committed 71360K, reserved 487424K
  class space    used 9874K, committed 10240K, reserved 421888K
}
Event: 34.850 GC heap after
{Heap after GC invocations=33 (full 0):
 garbage-first heap   total 140288K, used 82111K [0x0000000080000000, 0x0000000100000000)
  region size 1024K, 3 young (3072K), 3 survivors (3072K)
 Metaspace       used 70615K, committed 71360K, reserved 487424K
  class space    used 9874K, committed 10240K, reserved 421888K
}
Event: 35.612 GC heap before
{Heap before GC invocations=34 (full 0):
 garbage-first heap   total 171008K, used 121023K [0x0000000080000000, 0x0000000100000000)
  region size 1024K, 35 young (35840K), 3 survivors (3072K)
 Metaspace       used 72037K, committed 72768K, reserved 487424K
  class space    used 10076K, committed 10432K, reserved 421888K
}
Event: 35.630 GC heap after
{Heap after GC invocations=35 (full 0):
 garbage-first heap   total 171008K, used 85097K [0x0000000080000000, 0x0000000100000000)
  region size 1024K, 5 young (5120K), 5 survivors (5120K)
 Metaspace       used 72037K, committed 72768K, reserved 487424K
  class space    used 10076K, committed 10432K, reserved 421888K
}
Event: 35.690 GC heap before
{Heap before GC invocations=35 (full 0):
 garbage-first heap   total 171008K, used 88169K [0x0000000080000000, 0x0000000100000000)
  region size 1024K, 8 young (8192K), 5 survivors (5120K)
 Metaspace       used 72236K, committed 72896K, reserved 487424K
  class space    used 10100K, committed 10432K, reserved 421888K
}
Event: 35.701 GC heap after
{Heap after GC invocations=36 (full 0):
 garbage-first heap   total 171008K, used 85312K [0x0000000080000000, 0x0000000100000000)
  region size 1024K, 1 young (1024K), 1 survivors (1024K)
 Metaspace       used 72236K, committed 72896K, reserved 487424K
  class space    used 10100K, committed 10432K, reserved 421888K
}
Event: 36.627 GC heap before
{Heap before GC invocations=36 (full 0):
 garbage-first heap   total 171008K, used 129344K [0x0000000080000000, 0x0000000100000000)
  region size 1024K, 44 young (45056K), 1 survivors (1024K)
 Metaspace       used 75491K, committed 76224K, reserved 487424K
  class space    used 10527K, committed 10880K, reserved 421888K
}
Event: 36.637 GC heap after
{Heap after GC invocations=37 (full 0):
 garbage-first heap   total 277504K, used 86953K [0x0000000080000000, 0x0000000100000000)
  region size 1024K, 3 young (3072K), 3 survivors (3072K)
 Metaspace       used 75491K, committed 76224K, reserved 487424K
  class space    used 10527K, committed 10880K, reserved 421888K
}

