# JRE version: OpenJDK Runtime Environment (17.0.2+8) (build 17.0.2+8-86)
# Java VM: OpenJDK 64-Bit Server VM (17.0.2+8-86, mixed mode, sharing, tiered, compressed oops, compressed class ptrs, g1 gc, windows-amd64)
GC Precious Log:
 CPUs: 4 total, 4 available
 Memory: 6024M
 Large Page Support: Disabled
 NUMA Support: Disabled
 Compressed Oops: Enabled (32-bit)
 Heap Region Size: 1M
 Heap Min Capacity: 8M
 Heap Initial Capacity: 96M
 Heap Max Capacity: 2G
 Pre-touch: Disabled
 Parallel Workers: 4
 Concurrent Workers: 1
 Concurrent Refinement Workers: 4
 Periodic GC: Disabled
Heap:
 garbage-first heap   total 557056K, used 204159K [0x0000000080000000, 0x0000000100000000)
  region size 1024K, 3 young (3072K), 3 survivors (3072K)
 Metaspace       used 108745K, committed 110144K, reserved 520192K
  class space    used 14831K, committed 15488K, reserved 421888K
GC Heap History (20 events):
Event: 56.874 GC heap after
{Heap after GC invocations=56 (full 0):
 garbage-first heap   total 557056K, used 149676K [0x0000000080000000, 0x0000000100000000)
  region size 1024K, 1 young (1024K), 1 survivors (1024K)
 Metaspace       used 99159K, committed 100096K, reserved 512000K
  class space    used 13863K, committed 14272K, reserved 421888K
}
Event: 62.517 GC heap before
{Heap before GC invocations=56 (full 0):
 garbage-first heap   total 557056K, used 476332K [0x0000000080000000, 0x0000000100000000)
  region size 1024K, 284 young (290816K), 1 survivors (1024K)
 Metaspace       used 102099K, committed 103104K, reserved 512000K
  class space    used 14146K, committed 14592K, reserved 421888K
}
Event: 62.572 GC heap after
{Heap after GC invocations=57 (full 0):
 garbage-first heap   total 557056K, used 167234K [0x0000000080000000, 0x0000000100000000)
  region size 1024K, 18 young (18432K), 18 survivors (18432K)
 Metaspace       used 102099K, committed 103104K, reserved 512000K
  class space    used 14146K, committed 14592K, reserved 421888K
}
Event: 2788.161 GC heap before
{Heap before GC invocations=57 (full 0):
 garbage-first heap   total 557056K, used 435522K [0x0000000080000000, 0x0000000100000000)
  region size 1024K, 273 young (279552K), 18 survivors (18432K)
 Metaspace       used 106730K, committed 107776K, reserved 520192K
  class space    used 14628K, committed 15104K, reserved 421888K
}
Event: 2788.412 GC heap after
{Heap after GC invocations=58 (full 0):
 garbage-first heap   total 557056K, used 185839K [0x0000000080000000, 0x0000000100000000)
  region size 1024K, 35 young (35840K), 35 survivors (35840K)
 Metaspace       used 106730K, committed 107776K, reserved 520192K
  class space    used 14628K, committed 15104K, reserved 421888K
}
Event: 6455.822 GC heap before
{Heap before GC invocations=58 (full 0):
 garbage-first heap   total 557056K, used 436719K [0x0000000080000000, 0x0000000100000000)
  region size 1024K, 280 young (286720K), 35 survivors (35840K)
 Metaspace       used 107567K, committed 108736K, reserved 520192K
  class space    used 14703K, committed 15232K, reserved 421888K
}
Event: 6456.824 GC heap after
{Heap after GC invocations=59 (full 0):
 garbage-first heap   total 557056K, used 176178K [0x0000000080000000, 0x0000000100000000)
  region size 1024K, 3 young (3072K), 3 survivors (3072K)
 Metaspace       used 107567K, committed 108736K, reserved 520192K
  class space    used 14703K, committed 15232K, reserved 421888K
}
Event: 10484.034 GC heap before
{Heap before GC invocations=59 (full 0):
 garbage-first heap   total 557056K, used 302130K [0x0000000080000000, 0x0000000100000000)
  region size 1024K, 126 young (129024K), 3 survivors (3072K)
 Metaspace       used 107763K, committed 108992K, reserved 520192K
  class space    used 14710K, committed 15296K, reserved 421888K
}
Event: 10484.148 GC heap after
{Heap after GC invocations=60 (full 0):
 garbage-first heap   total 557056K, used 180120K [0x0000000080000000, 0x0000000100000000)
  region size 1024K, 7 young (7168K), 7 survivors (7168K)
 Metaspace       used 107763K, committed 108992K, reserved 520192K
  class space    used 14710K, committed 15296K, reserved 421888K
}
Event: 10499.049 GC heap before
{Heap before GC invocations=60 (full 0):
 garbage-first heap   total 557056K, used 310168K [0x0000000080000000, 0x0000000100000000)
  region size 1024K, 134 young (137216K), 7 survivors (7168K)
 Metaspace       used 108433K, committed 109824K, reserved 520192K
  class space    used 14793K, committed 15424K, reserved 421888K
}
Event: 10501.318 GC heap after
{Heap after GC invocations=61 (full 0):
 garbage-first heap   total 557056K, used 198656K [0x0000000080000000, 0x0000000100000000)
  region size 1024K, 17 young (17408K), 17 survivors (17408K)
 Metaspace       used 108433K, committed 109824K, reserved 520192K
  class space    used 14793K, committed 15424K, reserved 421888K
}
Event: 10501.533 GC heap before
{Heap before GC invocations=61 (full 0):
 garbage-first heap   total 557056K, used 207872K [0x0000000080000000, 0x0000000100000000)
  region size 1024K, 27 young (27648K), 17 survivors (17408K)
 Metaspace       used 108454K, committed 109824K, reserved 520192K
  class space    used 14793K, committed 15424K, reserved 421888K
}
Event: 10507.113 GC heap after
{Heap after GC invocations=62 (full 0):
 garbage-first heap   total 557056K, used 201382K [0x0000000080000000, 0x0000000100000000)
  region size 1024K, 2 young (2048K), 2 survivors (2048K)
 Metaspace       used 108454K, committed 109824K, reserved 520192K
  class space    used 14793K, committed 15424K, reserved 421888K
}
Event: 10507.597 GC heap before
{Heap before GC invocations=62 (full 0):
 garbage-first heap   total 557056K, used 226982K [0x0000000080000000, 0x0000000100000000)
  region size 1024K, 27 young (27648K), 2 survivors (2048K)
 Metaspace       used 108548K, committed 109952K, reserved 520192K
  class space    used 14810K, committed 15424K, reserved 421888K
}
Event: 10507.614 GC heap after
{Heap after GC invocations=63 (full 0):
 garbage-first heap   total 557056K, used 201825K [0x0000000080000000, 0x0000000100000000)
  region size 1024K, 3 young (3072K), 3 survivors (3072K)
 Metaspace       used 108548K, committed 109952K, reserved 520192K
  class space    used 14810K, committed 15424K, reserved 421888K
}
Event: 10508.036 GC heap before
{Heap before GC invocations=63 (full 0):
 garbage-first heap   total 557056K, used 226401K [0x0000000080000000, 0x0000000100000000)
  region size 1024K, 27 young (27648K), 3 survivors (3072K)
 Metaspace       used 108634K, committed 110080K, reserved 520192K
  class space    used 14826K, committed 15488K, reserved 421888K
}
Event: 10508.053 GC heap after
{Heap after GC invocations=64 (full 0):
 garbage-first heap   total 557056K, used 202670K [0x0000000080000000, 0x0000000100000000)
  region size 1024K, 4 young (4096K), 4 survivors (4096K)
 Metaspace       used 108634K, committed 110080K, reserved 520192K
  class space    used 14826K, committed 15488K, reserved 421888K
}
Event: 10510.146 GC heap before
{Heap before GC invocations=64 (full 0):
 garbage-first heap   total 557056K, used 225198K [0x0000000080000000, 0x0000000100000000)
  region size 1024K, 27 young (27648K), 4 survivors (4096K)
 Metaspace       used 108700K, committed 110144K, reserved 520192K
  class space    used 14830K, committed 15488K, reserved 421888K
}
Event: 10510.429 GC heap after
{Heap after GC invocations=65 (full 0):
 garbage-first heap   total 557056K, used 203638K [0x0000000080000000, 0x0000000100000000)
  region size 1024K, 3 young (3072K), 3 survivors (3072K)
 Metaspace       used 108700K, committed 110144K, reserved 520192K
  class space    used 14830K, committed 15488K, reserved 421888K
}
Event: 10894.410 GC heap before
{Heap before GC invocations=65 (full 0):
 garbage-first heap   total 557056K, used 227190K [0x0000000080000000, 0x0000000100000000)
  region size 1024K, 27 young (27648K), 3 survivors (3072K)
 Metaspace       used 108745K, committed 110144K, reserved 520192K
  class space    used 14831K, committed 15488K, reserved 421888K
}

